----------------------------------------------------------------------------------------------------
      name:  <unnamed>
       log:  H:\POSC Capstone\POSC_Capstone.log
  log type:  text
 opened on:  24 Apr 2022, 14:23:48
. }

. 
. 
. ***Creating dta files and merging datasets***
. {
. import excel "H:\POSC Capstone\Neighboorhood Crime and Demographic.xlsx", sheet("Sheet1") cellrang
> e(A1:N35) firstrow clear
(14 vars, 34 obs)
. save Neighboorhood_Crime.dta, replace
file Neighboorhood_Crime.dta saved
. 
. clear
. 
. import excel "H:\POSC Capstone\Cleveland Neighborhood Tree Cover.xlsx", sheet("ClevelandSPA_UTC_ac
> res") cellrange(A1:AP35) firstrow clear
(42 vars, 34 obs)
. save Neighboorhood_Tree.dta, replace
file Neighboorhood_Tree.dta saved
. 
. clear
. 
. use Neighboorhood_Tree
. 
. merge m:1 Neighborhood using Neighboorhood_Crime.dta, update replace

    Result                      Number of obs
    -----------------------------------------
    Not matched                             0

    Matched                                34
        not updated                        34  (_merge==3)
        missing updated                     0  (_merge==4)
        nonmissing conflict                 0  (_merge==5)
    -----------------------------------------
. }

. 
. 
. ***Creating Percent Change Variables***
. {
. gen Violent_Change = (Totalviolentcrimes2017-Totalviolentcrimes2011)/Totalviolentcrimes2011
. gen Property_Change = (Totalpropertycrimes2017-Totalpropertycrimes2011)/Totalpropertycrimes2011
. 
. drop Totalviolentcrimes2017 Totalpropertycrimes2017 Totalviolentcrimes2011 Totalpropertycrimes2011
. }

. 
. 
. ***Renaming and Fixing Variables***
. {
.    rename PercentChange Tree_Cover_Change
.    rename Unemploymentrate2012 Unemployment_Rate
.    rename Childrenunderage6testedfor ChildElevatedLead
.    rename Residentialparcelsalessingl Resid_SingleFam
. }

. 
. ***Scatter Plot***
. {
. twoway (scatter Violent_Change Tree_Cover_Change), ytitle(Percent Change in Violent Crime Rate) xt
> itle(Percent Change in Tree Cover) title(Tree Cover and Violent Crime Rate) || lfit Violent_Change
>  Tree_Cover_Change
. graph export "Violent Crime Scatter.png", width(600) height(450) replace
file Violent Crime Scatter.png saved as PNG format
. 
. twoway (scatter Property_Change Tree_Cover_Change), ytitle(Percent Change in Property Crime Rate) 
> xtitle(Percent Change in Tree Cover) title(Tree Cover and Property Crime Rate) || lfit Property_Ch
> ange Tree_Cover_Change
. graph export "Property Crime Scatter.png", width(600) height(450) replace
file Property Crime Scatter.png saved as PNG format
. }

. 
. 
. ***Variable Summary***
. {
.     summarize Tree_Cover_Change Violent_Change Personswith9th12thgradeeduc Medianhouseholdincome20
> 12 Povertyrate2012 Totalpopulation2012 Unemployment_Rate Resid_SingleFam Vacantparcelspercent2017 
> Occupiedhousingunitspercent TCPossibleArea, sep(1)

    Variable |        Obs        Mean    Std. dev.       Min        Max
-------------+---------------------------------------------------------
Tree_Cover~e |         34   -.0487492    .0483885  -.1400136    .104351
-------------+---------------------------------------------------------
Violent_Ch~e |         34     .085799    .3189696  -.4347826          1
-------------+---------------------------------------------------------
Personswit~c |         34      1343.5     796.122       30.9    3351.07
-------------+---------------------------------------------------------
Medianh~2012 |         34    26268.53    8590.187    8866.07   47758.15
-------------+---------------------------------------------------------
Poverty~2012 |         34    36.28735    11.94332      13.94      71.47
-------------+---------------------------------------------------------
Totalpo~2012 |         34    11705.06    7454.581     308.12      34115
-------------+---------------------------------------------------------
Unemployme~e |         34    21.09647    7.479589      10.54      39.33
-------------+---------------------------------------------------------
Resid_Sing~m |         34    62.51912     23.6915          0        100
-------------+---------------------------------------------------------
Vacantp~2017 |         34    6.919412    3.950496       1.25      16.03
-------------+---------------------------------------------------------
Occupiedho~t |         34       79.17    8.189813      62.38      93.17
-------------+---------------------------------------------------------
TCPoss~eArea |         34    788.1489    465.6192   254.4564   2006.803
. }

. 
. 
. **Crime as y Regressions***
. {
. reg Violent_Change Tree_Cover_Change Personswith9th12thgradeeduc Medianhouseholdincome2012 Poverty
> rate2012 Totalpopulation2012 Unemployment_Rate Resid_SingleFam Vacantparcelspercent2017 Occupiedho
> usingunitspercent TCPossibleArea, robust

Linear regression                               Number of obs     =         34
                                                F(10, 23)         =       2.98
                                                Prob > F          =     0.0146
                                                R-squared         =     0.5205
                                                Root MSE          =     .26455

---------------------------------------------------------------------------------------------
                            |               Robust
             Violent_Change | Coefficient  std. err.      t    P>|t|     [95% conf. interval]
----------------------------+----------------------------------------------------------------
          Tree_Cover_Change |  -4.455064   1.873946    -2.38   0.026    -8.331617   -.5785106
Personswith9th12thgradeeduc |   .0000782   .0001579     0.50   0.625    -.0002485    .0004049
  Medianhouseholdincome2012 |  -.0000125   .0000171    -0.73   0.473    -.0000478    .0000229
            Povertyrate2012 |  -.0186859   .0104404    -1.79   0.087    -.0402835    .0029118
        Totalpopulation2012 |  -.0000331   .0000186    -1.78   0.088    -.0000715    5.35e-06
          Unemployment_Rate |   .0063203   .0144977     0.44   0.667    -.0236705    .0363111
            Resid_SingleFam |    .001748    .003361     0.52   0.608    -.0052048    .0087009
   Vacantparcelspercent2017 |  -.0140238   .0196388    -0.71   0.482    -.0546497    .0266021
Occupiedhousingunitspercent |  -.0117182   .0071459    -1.64   0.115    -.0265006    .0030641
             TCPossibleArea |   .0004363   .0001791     2.44   0.023     .0000658    .0008067
                      _cons |   1.594443   .6520072     2.45   0.023     .2456634    2.943223
---------------------------------------------------------------------------------------------
. 
. reg Property_Change Tree_Cover_Change Personswith9th12thgradeeduc Medianhouseholdincome2012 Povert
> yrate2012 Totalpopulation2012 Unemployment_Rate Resid_SingleFam Vacantparcelspercent2017 Occupiedh
> ousingunitspercent TCPossibleArea, robust

Linear regression                               Number of obs     =         34
                                                F(10, 23)         =       5.55
                                                Prob > F          =     0.0003
                                                R-squared         =     0.5674
                                                Root MSE          =     .11933

---------------------------------------------------------------------------------------------
                            |               Robust
            Property_Change | Coefficient  std. err.      t    P>|t|     [95% conf. interval]
----------------------------+----------------------------------------------------------------
          Tree_Cover_Change |  -.4130191    .681819    -0.61   0.551    -1.823469     .997431
Personswith9th12thgradeeduc |   .0000358   .0000809     0.44   0.662    -.0001316    .0002033
  Medianhouseholdincome2012 |    .000018   5.30e-06     3.40   0.002     7.04e-06     .000029
            Povertyrate2012 |   .0093934   .0038533     2.44   0.023     .0014222    .0173646
        Totalpopulation2012 |  -9.08e-06   9.97e-06    -0.91   0.372    -.0000297    .0000115
          Unemployment_Rate |  -.0070044   .0070795    -0.99   0.333    -.0216495    .0076407
            Resid_SingleFam |   .0020952   .0011715     1.79   0.087    -.0003283    .0045187
   Vacantparcelspercent2017 |  -.0007954   .0114007    -0.07   0.945    -.0243795    .0227886
Occupiedhousingunitspercent |  -.0040378   .0044133    -0.91   0.370    -.0131674    .0050917
             TCPossibleArea |   .0000671   .0000966     0.69   0.494    -.0001328     .000267
                      _cons |   -.695594   .2830063    -2.46   0.022    -1.281037   -.1101508
---------------------------------------------------------------------------------------------
. }

. 
. 
. ***Tree Cover as y Regressions***
. {
. reg Tree_Cover_Change Violent_Change Personswith9th12thgradeeduc Medianhouseholdincome2012 Poverty
> rate2012 Totalpopulation2012 Unemployment_Rate Resid_SingleFam Vacantparcelspercent2017 Occupiedho
> usingunitspercent TCPossibleArea, robust

Linear regression                               Number of obs     =         34
                                                F(10, 23)         =      12.28
                                                Prob > F          =     0.0000
                                                R-squared         =     0.7594
                                                Root MSE          =     .02843

---------------------------------------------------------------------------------------------
                            |               Robust
          Tree_Cover_Change | Coefficient  std. err.      t    P>|t|     [95% conf. interval]
----------------------------+----------------------------------------------------------------
             Violent_Change |  -.0514519   .0133109    -3.87   0.001    -.0789877   -.0239162
Personswith9th12thgradeeduc |    .000033   .0000162     2.04   0.053    -4.49e-07    .0000665
  Medianhouseholdincome2012 |   8.30e-07   1.63e-06     0.51   0.615    -2.53e-06    4.19e-06
            Povertyrate2012 |  -.0013317   .0009761    -1.36   0.186     -.003351    .0006876
        Totalpopulation2012 |  -5.29e-06   1.80e-06    -2.94   0.007    -9.02e-06   -1.57e-06
          Unemployment_Rate |   .0026392   .0010207     2.59   0.017     .0005278    .0047505
            Resid_SingleFam |  -.0007195   .0002745    -2.62   0.015    -.0012874   -.0001517
   Vacantparcelspercent2017 |  -.0013428   .0012579    -1.07   0.297     -.003945    .0012594
Occupiedhousingunitspercent |  -.0013256   .0008474    -1.56   0.131    -.0030786    .0004275
             TCPossibleArea |   .0000718   .0000144     4.99   0.000     .0000421    .0001015
                      _cons |   .0467903   .0850397     0.55   0.587    -.1291277    .2227083
---------------------------------------------------------------------------------------------
. 
. reg Tree_Cover_Change Property_Change Personswith9th12thgradeeduc Medianhouseholdincome2012 Povert
> yrate2012 Totalpopulation2012 Unemployment_Rate Resid_SingleFam Vacantparcelspercent2017 Occupiedh
> ousingunitspercent TCPossibleArea, robust

Linear regression                               Number of obs     =         34
                                                F(10, 23)         =       5.87
                                                Prob > F          =     0.0002
                                                R-squared         =     0.6917
                                                Root MSE          =     .03218

---------------------------------------------------------------------------------------------
                            |               Robust
          Tree_Cover_Change | Coefficient  std. err.      t    P>|t|     [95% conf. interval]
----------------------------+----------------------------------------------------------------
            Property_Change |  -.0300385   .0475608    -0.63   0.534    -.1284256    .0683487
Personswith9th12thgradeeduc |   .0000382   .0000172     2.22   0.037     2.55e-06    .0000739
  Medianhouseholdincome2012 |   2.43e-06   1.96e-06     1.24   0.228    -1.62e-06    6.48e-06
            Povertyrate2012 |  -.0001923   .0010649    -0.18   0.858    -.0023953    .0020107
        Totalpopulation2012 |  -4.88e-06   1.91e-06    -2.55   0.018    -8.84e-06   -9.18e-07
          Unemployment_Rate |   .0027545   .0011663     2.36   0.027     .0003419    .0051671
            Resid_SingleFam |  -.0009742   .0002775    -3.51   0.002    -.0015483   -.0004002
   Vacantparcelspercent2017 |  -.0008199   .0015607    -0.53   0.604    -.0040484    .0024087
Occupiedhousingunitspercent |  -.0010472   .0010465    -1.00   0.327    -.0032121    .0011177
             TCPossibleArea |   .0000652   .0000181     3.60   0.002     .0000278    .0001027
                      _cons |  -.0660561   .1022009    -0.65   0.524    -.2774747    .1453625
---------------------------------------------------------------------------------------------
. }

. 
. 
. ***Bootstrapping***
. {
. correlate Violent_Change Tree_Cover_Change
(obs=34)

             | Violen~e Tree_C~e
-------------+------------------
Violent_Ch~e |   1.0000
Tree_Cover~e |  -0.3206   1.0000

. return list

scalars:
                  r(N) =  34
                r(rho) =  -.3206069261848128

matrices:
                  r(C) :  2 x 2
. bootstrap r(rho), reps(1000) bca: cor Violent_Change Tree_Cover_Change

warning: correlate does not set e(sample), so no observations will be excluded from the resampling
         because of missing values or other reasons. To exclude observations, press Break, save
         the data, drop any observations that are to be excluded, and rerun bootstrap.
(running correlate on estimation sample)

Jackknife replications (34)
----+--- 1 ---+--- 2 ---+--- 3 ---+--- 4 ---+--- 5 
..................................

Bootstrap replications (1,000)
----+--- 1 ---+--- 2 ---+--- 3 ---+--- 4 ---+--- 5 
..................................................    50
..................................................   100
..................................................   150
..................................................   200
..................................................   250
..................................................   300
..................................................   350
..................................................   400
..................................................   450
..................................................   500
..................................................   550
..................................................   600
..................................................   650
..................................................   700
..................................................   750
..................................................   800
..................................................   850
..................................................   900
..................................................   950
.................................................. 1,000

Bootstrap results                                        Number of obs =    34
                                                         Replications  = 1,000

      Command: correlate Violent_Change Tree_Cover_Change
        _bs_1: r(rho)

------------------------------------------------------------------------------
             |   Observed   Bootstrap                         Normal-based
             | coefficient  std. err.      z    P>|z|     [95% conf. interval]
-------------+----------------------------------------------------------------
       _bs_1 |  -.3206069   .1485896    -2.16   0.031    -.6118373   -.0293766
------------------------------------------------------------------------------
. estat bootstrap, all

Bootstrap results                               Number of obs     =         34
                                                Replications      =       1000

      Command: correlate Violent_Change Tree_Cover_Change
        _bs_1: r(rho)

------------------------------------------------------------------------------
             |    Observed               Bootstrap
             | coefficient       Bias    std. err.  [95% conf. interval]
-------------+----------------------------------------------------------------
       _bs_1 |  -.32060693   .0051323   .14858965   -.6118373  -.0293766   (N)
             |                                      -.6023504  -.0232978   (P)
             |                                      -.6113968  -.0273957  (BC)
             |                                      -.6483621  -.0487394 (BCa)
------------------------------------------------------------------------------
Key:   N: Normal
       P: Percentile
      BC: Bias-corrected
     BCa: Bias-corrected and accelerated
. 
. reg Violent_Change Tree_Cover_Change Personswith9th12thgradeeduc Medianhouseholdincome2012 Poverty
> rate2012 Totalpopulation2012 Unemployment_Rate Resid_SingleFam Vacantparcelspercent2017 Occupiedho
> usingunitspercent TCPossibleArea, vce(bootstrap, reps (1000) bca)
(running regress on estimation sample)

Jackknife replications (34)
----+--- 1 ---+--- 2 ---+--- 3 ---+--- 4 ---+--- 5 
..................................

Bootstrap replications (1,000)
----+--- 1 ---+--- 2 ---+--- 3 ---+--- 4 ---+--- 5 
..................................................    50
..................................................   100
..................................................   150
..................................................   200
..................................................   250
..................................................   300
..................................................   350
..................................................   400
..................................................   450
..................................................   500
..................................................   550
..................................................   600
..................................................   650
..................................................   700
..................................................   750
..................................................   800
..................................................   850
..................................................   900
..................................................   950
.................................................. 1,000

Linear regression                                       Number of obs =     34
                                                        Replications  =  1,000
                                                        Wald chi2(10) =  12.43
                                                        Prob > chi2   = 0.2572
                                                        R-squared     = 0.5205
                                                        Adj R-squared = 0.3121
                                                        Root MSE      = 0.2646

---------------------------------------------------------------------------------------------
                            |   Observed   Bootstrap                         Normal-based
             Violent_Change | coefficient  std. err.      z    P>|z|     [95% conf. interval]
----------------------------+----------------------------------------------------------------
          Tree_Cover_Change |  -4.455064   2.235858    -1.99   0.046    -8.837265   -.0728632
Personswith9th12thgradeeduc |   .0000782   .0002277     0.34   0.731     -.000368    .0005245
  Medianhouseholdincome2012 |  -.0000125   .0000229    -0.54   0.586    -.0000574    .0000324
            Povertyrate2012 |  -.0186859   .0139339    -1.34   0.180    -.0459958    .0086241
        Totalpopulation2012 |  -.0000331   .0000294    -1.12   0.261    -.0000907    .0000246
          Unemployment_Rate |   .0063203   .0165002     0.38   0.702    -.0260196    .0386601
            Resid_SingleFam |    .001748    .004523     0.39   0.699    -.0071169    .0106129
   Vacantparcelspercent2017 |  -.0140238   .0258587    -0.54   0.588     -.064706    .0366584
Occupiedhousingunitspercent |  -.0117182   .0110905    -1.06   0.291    -.0334553    .0100188
             TCPossibleArea |   .0004363   .0002526     1.73   0.084    -.0000589    .0009314
                      _cons |   1.594443   .9663077     1.65   0.099    -.2994853    3.488371
---------------------------------------------------------------------------------------------
. estat bootstrap, all

Linear regression                               Number of obs     =         34
                                                Replications      =       1000

------------------------------------------------------------------------------
             |    Observed               Bootstrap
Violent_Ch~e | coefficient       Bias    std. err.  [95% conf. interval]
-------------+----------------------------------------------------------------
Tree_Cover~e |   -4.455064   .5077925   2.2358578   -8.837265  -.0728632   (N)
             |                                      -8.888158   .0134321   (P)
             |                                      -11.03022  -1.242476  (BC)
             |                                      -11.07721  -1.310432 (BCa)
Personswit~c |   .00007822   -.000066   .00022768    -.000368   .0005245   (N)
             |                                      -.0004933   .0004195   (P)
             |                                      -.0003342   .0005189  (BC)
             |                                      -.0003041   .0005462 (BCa)
Medianh~2012 |  -.00001247  -7.38e-06   .00002291   -.0000574   .0000324   (N)
             |                                      -.0000645   .0000241   (P)
             |                                      -.0000487   .0000557  (BC)
             |                                      -.0000475   .0000595 (BCa)
Poverty~2012 |  -.01868586  -.0022804   .01393389   -.0459958   .0086241   (N)
             |                                        -.04742   .0078693   (P)
             |                                      -.0421554   .0154539  (BC)
             |                                      -.0414628   .0170407 (BCa)
Totalpo~2012 |  -.00003307   .0000104   .00002941   -.0000907   .0000246   (N)
             |                                      -.0000697   .0000446   (P)
             |                                      -.0000858   .0000212  (BC)
             |                                      -.0001101   .0000161 (BCa)
Unemployme~e |   .00632028    .001512   .01650024   -.0260196   .0386601   (N)
             |                                      -.0274972   .0372848   (P)
             |                                      -.0303745   .0328432  (BC)
             |                                      -.0296055   .0342676 (BCa)
Resid_Sing~m |   .00174801  -.0006587   .00452301   -.0071169   .0106129   (N)
             |                                      -.0074621   .0102236   (P)
             |                                      -.0057036   .0117577  (BC)
             |                                      -.0054791   .0117657 (BCa)
Vacantp~2017 |  -.01402381   .0013577   .02585873    -.064706   .0366584   (N)
             |                                      -.0657474   .0428085   (P)
             |                                      -.0691029   .0399452  (BC)
             |                                      -.0663183   .0414672 (BCa)
Occupiedho~t |  -.01171824   .0047072   .01109053   -.0334553   .0100188   (N)
             |                                      -.0267688   .0166672   (P)
             |                                       -.037084   .0054559  (BC)
             |                                      -.0716413   .0028164 (BCa)
TCPoss~eArea |   .00043627  -.0000293   .00025263   -.0000589   .0009314   (N)
             |                                      -.0001325   .0008551   (P)
             |                                      -.0001328   .0008511  (BC)
             |                                      -.0000655   .0009249 (BCa)
       _cons |   1.5944431  -.0815561   .96630775   -.2994853   3.488371   (N)
             |                                      -.4262678   3.344962   (P)
             |                                      -.3937774   3.436559  (BC)
             |                                      -.3900888   3.530453 (BCa)
------------------------------------------------------------------------------
Key:   N: Normal
       P: Percentile
      BC: Bias-corrected
     BCa: Bias-corrected and accelerated
. 
. reg Property_Change Tree_Cover_Change Personswith9th12thgradeeduc Medianhouseholdincome2012 Povert
> yrate2012 Totalpopulation2012 Unemployment_Rate Resid_SingleFam Vacantparcelspercent2017 Occupiedh
> ousingunitspercent TCPossibleArea, vce(bootstrap, reps (1000) bca)
(running regress on estimation sample)

Jackknife replications (34)
----+--- 1 ---+--- 2 ---+--- 3 ---+--- 4 ---+--- 5 
..................................

Bootstrap replications (1,000)
----+--- 1 ---+--- 2 ---+--- 3 ---+--- 4 ---+--- 5 
..................................................    50
..................................................   100
..................................................   150
..................................................   200
..................................................   250
..................................................   300
..................................................   350
..................................................   400
..................................................   450
..................................................   500
..................................................   550
..................................................   600
..................................................   650
..................................................   700
..................................................   750
..................................................   800
..................................................   850
..................................................   900
..................................................   950
.................................................. 1,000

Linear regression                                       Number of obs =     34
                                                        Replications  =  1,000
                                                        Wald chi2(10) =  14.12
                                                        Prob > chi2   = 0.1678
                                                        R-squared     = 0.5674
                                                        Adj R-squared = 0.3793
                                                        Root MSE      = 0.1193

---------------------------------------------------------------------------------------------
                            |   Observed   Bootstrap                         Normal-based
            Property_Change | coefficient  std. err.      z    P>|z|     [95% conf. interval]
----------------------------+----------------------------------------------------------------
          Tree_Cover_Change |  -.4130191   .8927499    -0.46   0.644    -2.162777    1.336739
Personswith9th12thgradeeduc |   .0000358   .0001019     0.35   0.725    -.0001639    .0002355
  Medianhouseholdincome2012 |    .000018   8.54e-06     2.11   0.035     1.27e-06    .0000347
            Povertyrate2012 |   .0093934   .0058563     1.60   0.109    -.0020848    .0208717
        Totalpopulation2012 |  -9.08e-06    .000014    -0.65   0.518    -.0000366    .0000184
          Unemployment_Rate |  -.0070044   .0080011    -0.88   0.381    -.0226863    .0086775
            Resid_SingleFam |   .0020952   .0018783     1.12   0.265    -.0015862    .0057766
   Vacantparcelspercent2017 |  -.0007954   .0128379    -0.06   0.951    -.0259571    .0243663
Occupiedhousingunitspercent |  -.0040378   .0055157    -0.73   0.464    -.0148484    .0067728
             TCPossibleArea |   .0000671   .0001297     0.52   0.605    -.0001872    .0003214
                      _cons |   -.695594   .4238428    -1.64   0.101    -1.526311    .1351227
---------------------------------------------------------------------------------------------
. estat bootstrap, all

Linear regression                               Number of obs     =         34
                                                Replications      =       1000

------------------------------------------------------------------------------
             |    Observed               Bootstrap
Property_C~e | coefficient       Bias    std. err.  [95% conf. interval]
-------------+----------------------------------------------------------------
Tree_Cover~e |  -.41301908   .2846581   .89274995   -2.162777   1.336739   (N)
             |                                      -1.767042   1.690393   (P)
             |                                      -2.588883   1.073336  (BC)
             |                                      -3.049371   .9149317 (BCa)
Personswit~c |   .00003585  -.0000334   .00010189   -.0001639   .0002355   (N)
             |                                      -.0002121   .0001884   (P)
             |                                      -.0001104   .0002719  (BC)
             |                                      -.0001016   .0002963 (BCa)
Medianh~2012 |   .00001801  -1.49e-06   8.541e-06    1.27e-06   .0000347   (N)
             |                                      -1.95e-06   .0000329   (P)
             |                                       3.63e-06   .0000378  (BC)
             |                                       4.52e-06   .0000408 (BCa)
Poverty~2012 |   .00939343  -.0003774   .00585634   -.0020848   .0208717   (N)
             |                                      -.0013564   .0207038   (P)
             |                                       .0005143   .0235352  (BC)
             |                                        .000558   .0240594 (BCa)
Totalpo~2012 |  -9.080e-06   5.31e-06   .00001405   -.0000366   .0000184   (N)
             |                                      -.0000267   .0000254   (P)
             |                                      -.0000311   .0000176  (BC)
             |                                      -.0000528   .0000142 (BCa)
Unemployme~e |  -.00700439   2.68e-06   .00800113   -.0226863   .0086775   (N)
             |                                      -.0218493   .0089928   (P)
             |                                      -.0220943   .0087433  (BC)
             |                                      -.0199496   .0116707 (BCa)
Resid_Sing~m |   .00209522  -.0003819   .00187831   -.0015862   .0057766   (N)
             |                                       -.002639   .0052906   (P)
             |                                       -.001246   .0057956  (BC)
             |                                       -.000951   .0060767 (BCa)
Vacantp~2017 |  -.00079541   .0022589   .01283786   -.0259571   .0243663   (N)
             |                                      -.0235569    .026506   (P)
             |                                      -.0342019   .0202439  (BC)
             |                                      -.0469096   .0181694 (BCa)
Occupiedho~t |  -.00403781   .0010459   .00551573   -.0148484   .0067728   (N)
             |                                      -.0137569   .0082397   (P)
             |                                      -.0163663   .0053939  (BC)
             |                                      -.0163663   .0054285 (BCa)
TCPoss~eArea |   .00006711  -.0000287   .00012975   -.0001872   .0003214   (N)
             |                                      -.0002189   .0002501   (P)
             |                                      -.0002163   .0002501  (BC)
             |                                      -.0001834   .0002938 (BCa)
       _cons |  -.69559398  -.0000963   .42384284   -1.526311   .1351227   (N)
             |                                      -1.570271    .054538   (P)
             |                                      -1.608994   .0282057  (BC)
             |                                      -1.649733   .0182826 (BCa)
------------------------------------------------------------------------------
Key:   N: Normal
       P: Percentile
      BC: Bias-corrected
     BCa: Bias-corrected and accelerated
. }

. 
. clear

. 
. do "Violent Crime Regression Table"

. ***Title and Setup***
. {
. /*Ethan Deemer Cleaned Violent Regressions
> //Started 3/23/22
> //This Do file focuses on creating a cleaned version of the regression of tree cover persantage on
>  cviolent crime rate.*/
. 
. clear
. cd "H:\POSC Capstone"
H:\POSC Capstone
. 
. capture log close
